Starting Monte Carlo Sampling...

Current time: Mon Nov  9 14:36:48 2020 
MonteCarlo.0
Number of points completed: 200
Number of simulation errors: 0
MonteCarlo.0 completed. 
Current time: Mon Nov  9 14:37:43 2020 
Monte Carlo Sampling yield summary:
Number of spec values are in this yield data: 16
span_ion:zz_r2r_core:1	Nominal - 
	dc_ibias:	Yield	100%
		Min 6.35929e-06	Max 8.34743e-06	Mean 7.47847e-06	Number of errors 0
span_ion:zz_r2r_core:1	Nominal - 
	dc_ibias0:	Yield	100%
		Min 6.43137e-06	Max 8.32097e-06	Mean 7.47907e-06	Number of errors 0
span_ion:zz_r2r_core:1	Nominal - 
	dc_ibias1:	Yield	100%
		Min 1.27422e-05	Max 1.66335e-05	Mean 1.49591e-05	Number of errors 0
span_ion:zz_r2r_core:1	Nominal - 
	dc_ibias2:	Yield	100%
		Min 2.587e-05	Max 3.34099e-05	Mean 2.9917e-05	Number of errors 0
span_ion:zz_r2r_core:1	Nominal - 
	dc_ibias3:	Yield	100%
		Min 5.14296e-05	Max 6.70333e-05	Mean 5.98403e-05	Number of errors 0
span_ion:zz_r2r_core:1	Nominal - 
	dc_ibias4:	Yield	100%
		Min 0.000102654	Max 0.000133405	Mean 0.000119665	Number of errors 0
span_ion:zz_r2r_core:1	Nominal - 
	dc_ibias5:	Yield	100%
		Min 0.00020561	Max 0.000266252	Mean 0.000239331	Number of errors 0
span_ion:zz_r2r_core:1	Nominal - 
	dc_ibias6:	Yield	100%
		Min 0.000408876	Max 0.000535858	Mean 0.00047873	Number of errors 0
span_ion:zz_r2r_core:1	Nominal - 
	dc_ibias7:	Yield	100%
		Min 0.000815772	Max 0.00106699	Mean 0.000957387	Number of errors 0
span_ion:zz_r2r_core:1	Nominal - 
	dc_ibias8:	Yield	100%
		Min -0.00213426	Max -0.00163574	Mean -0.00191479	Number of errors 0
span_ion:zz_r2r_core:1	Nominal - 
	dc_vout:	Yield	100%
		Min 1.6374	Max 1.664	Mean 1.65005	Number of errors 0
span_ion:zz_r2r_core:1	Nominal - 
	noise_voutStd:	Yield	100%
		Min 0.000748742	Max 0.000842879	Mean 0.000786215	Number of errors 0
span_ion:zz_r2r_core:1	Nominal - 
	noise_voutVar:	Yield	100%
		Min 5.60615e-07	Max 7.10445e-07	Mean 6.18425e-07	Number of errors 0
span_ion:zz_r2r_core:1	Nominal - 
	val_code:	Yield	100%
		Min 256	Max 256	Mean 256	Number of errors 0
span_ion:zz_r2r_core:1	Nominal - 
	val_codeMax:	Yield	100%
		Min 511	Max 511	Mean 511	Number of errors 0
span_ion:zz_r2r_core:1	Nominal - 
	val_voutIdeal:	Yield	100%
		Min 1.65	Max 1.65	Mean 1.65	Number of errors 0

span_ion:zz_r2r_core:1
	Overall Yield	100%	Number of points passed	200	Total number of points	200

Estimated yield = 100% (200/200), 0 errors
Estimated yield (No opregions) = 100% (200/200)
