Starting Monte Carlo Sampling...

Current time: Mon Nov  9 14:39:57 2020 
MonteCarlo.1
Number of points completed: 200
Number of simulation errors: 0
MonteCarlo.1 completed. 
Current time: Mon Nov  9 14:41:22 2020 
Monte Carlo Sampling yield summary:
Number of spec values are in this yield data: 16
span_ion:zz_r2r_core:1	Nominal - 
	dc_ibias:	Yield	100%
		Min 1.58967e-06	Max 2.08926e-06	Mean 1.87012e-06	Number of errors 0
span_ion:zz_r2r_core:1	Nominal - 
	dc_ibias0:	Yield	100%
		Min 1.60044e-06	Max 2.08876e-06	Mean 1.86986e-06	Number of errors 0
span_ion:zz_r2r_core:1	Nominal - 
	dc_ibias1:	Yield	100%
		Min 3.18757e-06	Max 4.18419e-06	Mean 3.7397e-06	Number of errors 0
span_ion:zz_r2r_core:1	Nominal - 
	dc_ibias2:	Yield	100%
		Min 6.37847e-06	Max 8.34184e-06	Mean 7.47919e-06	Number of errors 0
span_ion:zz_r2r_core:1	Nominal - 
	dc_ibias3:	Yield	100%
		Min 1.27201e-05	Max 1.66758e-05	Mean 1.4958e-05	Number of errors 0
span_ion:zz_r2r_core:1	Nominal - 
	dc_ibias4:	Yield	100%
		Min 2.55172e-05	Max 3.34309e-05	Mean 2.99163e-05	Number of errors 0
span_ion:zz_r2r_core:1	Nominal - 
	dc_ibias5:	Yield	100%
		Min 5.06452e-05	Max 6.66694e-05	Mean 5.98343e-05	Number of errors 0
span_ion:zz_r2r_core:1	Nominal - 
	dc_ibias6:	Yield	100%
		Min 0.00010198	Max 0.000132698	Mean 0.000119664	Number of errors 0
span_ion:zz_r2r_core:1	Nominal - 
	dc_ibias7:	Yield	100%
		Min 0.000203855	Max 0.000265902	Mean 0.000239347	Number of errors 0
span_ion:zz_r2r_core:1	Nominal - 
	dc_ibias8:	Yield	100%
		Min -0.00053208	Max -0.000407474	Mean -0.000478679	Number of errors 0
span_ion:zz_r2r_core:1	Nominal - 
	dc_vout:	Yield	100%
		Min 1.64322	Max 1.65739	Mean 1.64995	Number of errors 0
span_ion:zz_r2r_core:1	Nominal - 
	noise_voutStd:	Yield	100%
		Min 0.000869554	Max 0.000968771	Mean 0.000912042	Number of errors 0
span_ion:zz_r2r_core:1	Nominal - 
	noise_voutVar:	Yield	100%
		Min 7.56125e-07	Max 9.38518e-07	Mean 8.32121e-07	Number of errors 0
span_ion:zz_r2r_core:1	Nominal - 
	val_code:	Yield	100%
		Min 256	Max 256	Mean 256	Number of errors 0
span_ion:zz_r2r_core:1	Nominal - 
	val_codeMax:	Yield	100%
		Min 511	Max 511	Mean 511	Number of errors 0
span_ion:zz_r2r_core:1	Nominal - 
	val_voutIdeal:	Yield	100%
		Min 1.65	Max 1.65	Mean 1.65	Number of errors 0

span_ion:zz_r2r_core:1
	Overall Yield	100%	Number of points passed	200	Total number of points	200

Estimated yield = 100% (200/200), 0 errors
Estimated yield (No opregions) = 100% (200/200)
