Starting Monte Carlo Sampling...

Current time: Mon Nov  9 10:23:55 2020 
MonteCarlo.1
Number of points completed: 200
Number of simulation errors: 200
MonteCarlo.1 completed. 
Current time: Mon Nov  9 10:24:47 2020 
Monte Carlo Sampling yield summary:
Number of spec values are in this yield data: 7
span_ion:zz_dac_rladder:1	Nominal - 
	dc_ibias:	Yield	0%
		Min 0	Max 0	Mean 0	Number of errors 200
span_ion:zz_dac_rladder:1	Nominal - 
	dc_vout:	Yield	0%
		Min 0	Max 0	Mean 0	Number of errors 200
span_ion:zz_dac_rladder:1	Nominal - 
	noise_voutStd:	Yield	0%
		Min 0	Max 0	Mean 0	Number of errors 200
span_ion:zz_dac_rladder:1	Nominal - 
	noise_voutVar:	Yield	0%
		Min 0	Max 0	Mean 0	Number of errors 200
span_ion:zz_dac_rladder:1	Nominal - 
	val_code:	Yield	0%
		Min 0	Max 0	Mean 0	Number of errors 200
span_ion:zz_dac_rladder:1	Nominal - 
	val_codeMax:	Yield	0%
		Min 0	Max 0	Mean 0	Number of errors 200
span_ion:zz_dac_rladder:1	Nominal - 
	val_voutIdeal:	Yield	0%
		Min 0	Max 0	Mean 0	Number of errors 200

span_ion:zz_dac_rladder:1
	Overall Yield	0%	Number of points passed	0	Total number of points	200

Estimated yield = 0% (0/200), 200 errors
Estimated yield (No opregions) = 0% (0/200)
